<?xml version="1.0" encoding="UTF-8"?>
<!-- Generated by org.testng.reporters.JUnitReportReporter -->
<testsuite hostname="DESKTOP-UTDG1DI" failures="0" tests="1" name="runner.RunnerClass" time="0.298" errors="0" timestamp="2024-11-12T08:16:01 IST" skipped="0">
  <testcase classname="runner.RunnerClass" name="runScenario" time="0.298"/>
  <system-out/>
</testsuite> <!-- runner.RunnerClass -->
